# JRE version: Java(TM) SE Runtime Environment (8.0_05-b13) (build 1.8.0_05-b13)
# Java VM: Java HotSpot(TM) Server VM (25.5-b02 mixed mode linux-x86 )
Heap:
 PSYoungGen      total 167424K, used 115139K [0x9c580000, 0xa7000000, 0xa7000000)
  eden space 162816K, 68% used [0x9c580000,0xa31a0e48,0xa6480000)
  from space 4608K, 95% used [0xa6480000,0xa68d0000,0xa6900000)
  to   space 6144K, 0% used [0xa6a00000,0xa6a00000,0xa7000000)
 ParOldGen       total 89344K, used 35903K [0x87000000, 0x8c740000, 0x9c580000)
  object space 89344K, 40% used [0x87000000,0x8930fd80,0x8c740000)
 Metaspace       used 48728K, capacity 51039K, committed 51176K, reserved 51504K
GC Heap History (10 events):
Event: 757.155 GC heap before
{Heap before GC invocations=237 (full 16):
 PSYoungGen      total 169216K, used 167040K [0x9c580000, 0xa6fc0000, 0xa7000000)
  eden space 164096K, 100% used [0x9c580000,0xa65c0000,0xa65c0000)
  from space 5120K, 57% used [0xa6ac0000,0xa6da0000,0xa6fc0000)
  to   space 5120K, 0% used [0xa65c0000,0xa65c0000,0xa6ac0000)
 ParOldGen       total 89344K, used 35903K [0x87000000, 0x8c740000, 0x9c580000)
  object space 89344K, 40% used [0x87000000,0x8930fd80,0x8c740000)
 Metaspace       used 48728K, capacity 51039K, committed 51176K, reserved 51504K
Event: 757.162 GC heap after
Heap after GC invocations=237 (full 16):
 PSYoungGen      total 169216K, used 3232K [0x9c580000, 0xa7000000, 0xa7000000)
  eden space 164096K, 0% used [0x9c580000,0x9c580000,0xa65c0000)
  from space 5120K, 63% used [0xa65c0000,0xa68e8000,0xa6ac0000)
  to   space 5120K, 0% used [0xa6b00000,0xa6b00000,0xa7000000)
 ParOldGen       total 89344K, used 35903K [0x87000000, 0x8c740000, 0x9c580000)
  object space 89344K, 40% used [0x87000000,0x8930fd80,0x8c740000)
 Metaspace       used 48728K, capacity 51039K, committed 51176K, reserved 51504K
}
Event: 758.575 GC heap before
{Heap before GC invocations=238 (full 16):
 PSYoungGen      total 169216K, used 167328K [0x9c580000, 0xa7000000, 0xa7000000)
  eden space 164096K, 100% used [0x9c580000,0xa65c0000,0xa65c0000)
  from space 5120K, 63% used [0xa65c0000,0xa68e8000,0xa6ac0000)
  to   space 5120K, 0% used [0xa6b00000,0xa6b00000,0xa7000000)
 ParOldGen       total 89344K, used 35903K [0x87000000, 0x8c740000, 0x9c580000)
  object space 89344K, 40% used [0x87000000,0x8930fd80,0x8c740000)
 Metaspace       used 48728K, capacity 51039K, committed 51176K, reserved 51504K
Event: 758.581 GC heap after
Heap after GC invocations=238 (full 16):
 PSYoungGen      total 168960K, used 3520K [0x9c580000, 0xa7000000, 0xa7000000)
  eden space 163840K, 0% used [0x9c580000,0x9c580000,0xa6580000)
  from space 5120K, 68% used [0xa6b00000,0xa6e70000,0xa7000000)
  to   space 5376K, 0% used [0xa6580000,0xa6580000,0xa6ac0000)
 ParOldGen       total 89344K, used 35903K [0x87000000, 0x8c740000, 0x9c580000)
  object space 89344K, 40% used [0x87000000,0x8930fd80,0x8c740000)
 Metaspace       used 48728K, capacity 51039K, committed 51176K, reserved 51504K
}
Event: 767.259 GC heap before
{Heap before GC invocations=239 (full 16):
 PSYoungGen      total 168960K, used 167360K [0x9c580000, 0xa7000000, 0xa7000000)
  eden space 163840K, 100% used [0x9c580000,0xa6580000,0xa6580000)
  from space 5120K, 68% used [0xa6b00000,0xa6e70000,0xa7000000)
  to   space 5376K, 0% used [0xa6580000,0xa6580000,0xa6ac0000)
 ParOldGen       total 89344K, used 35903K [0x87000000, 0x8c740000, 0x9c580000)
  object space 89344K, 40% used [0x87000000,0x8930fd80,0x8c740000)
 Metaspace       used 48728K, capacity 51039K, committed 51176K, reserved 51504K
Event: 767.265 GC heap after
Heap after GC invocations=239 (full 16):
 PSYoungGen      total 167680K, used 3824K [0x9c580000, 0xa7000000, 0xa7000000)
  eden space 163840K, 0% used [0x9c580000,0x9c580000,0xa6580000)
  from space 3840K, 99% used [0xa6580000,0xa693c000,0xa6940000)
  to   space 5632K, 0% used [0xa6a80000,0xa6a80000,0xa7000000)
 ParOldGen       total 89344K, used 35903K [0x87000000, 0x8c740000, 0x9c580000)
  object space 89344K, 40% used [0x87000000,0x8930fd80,0x8c740000)
 Metaspace       used 48728K, capacity 51039K, committed 51176K, reserved 51504K
}
Event: 768.558 GC heap before
{Heap before GC invocations=240 (full 16):
 PSYoungGen      total 167680K, used 167664K [0x9c580000, 0xa7000000, 0xa7000000)
  eden space 163840K, 100% used [0x9c580000,0xa6580000,0xa6580000)
  from space 3840K, 99% used [0xa6580000,0xa693c000,0xa6940000)
  to   space 5632K, 0% used [0xa6a80000,0xa6a80000,0xa7000000)
 ParOldGen       total 89344K, used 35903K [0x87000000, 0x8c740000, 0x9c580000)
  object space 89344K, 40% used [0x87000000,0x8930fd80,0x8c740000)
 Metaspace       used 48728K, capacity 51039K, committed 51176K, reserved 51504K
Event: 768.565 GC heap after
Heap after GC invocations=240 (full 16):
 PSYoungGen      total 168448K, used 4096K [0x9c580000, 0xa7000000, 0xa7000000)
  eden space 162816K, 0% used [0x9c580000,0x9c580000,0xa6480000)
  from space 5632K, 72% used [0xa6a80000,0xa6e80000,0xa7000000)
  to   space 5888K, 0% used [0xa6480000,0xa6480000,0xa6a40000)
 ParOldGen       total 89344K, used 35903K [0x87000000, 0x8c740000, 0x9c580000)
  object space 89344K, 40% used [0x87000000,0x8930fd80,0x8c740000)
 Metaspace       used 48728K, capacity 51039K, committed 51176K, reserved 51504K
}
Event: 770.058 GC heap before
{Heap before GC invocations=241 (full 16):
 PSYoungGen      total 168448K, used 166912K [0x9c580000, 0xa7000000, 0xa7000000)
  eden space 162816K, 100% used [0x9c580000,0xa6480000,0xa6480000)
  from space 5632K, 72% used [0xa6a80000,0xa6e80000,0xa7000000)
  to   space 5888K, 0% used [0xa6480000,0xa6480000,0xa6a40000)
 ParOldGen       total 89344K, used 35903K [0x87000000, 0x8c740000, 0x9c580000)
  object space 89344K, 40% used [0x87000000,0x8930fd80,0x8c740000)
 Metaspace       used 48728K, capacity 51039K, committed 51176K, reserved 51504K
Event: 770.065 GC heap after
Heap after GC invocations=241 (full 16):
 PSYoungGen      total 167424K, used 4416K [0x9c580000, 0xa7000000, 0xa7000000)
  eden space 162816K, 0% used [0x9c580000,0x9c580000,0xa6480000)
  from space 4608K, 95% used [0xa6480000,0xa68d0000,0xa6900000)
  to   space 6144K, 0% used [0xa6a00000,0xa6a00000,0xa7000000)
 ParOldGen       total 89344K, used 35903K [0x87000000, 0x8c740000, 0x9c580000)
  object space 89344K, 40% used [0x87000000,0x8930fd80,0x8c740000)
 Metaspace       used 48728K, capacity 51039K, committed 51176K, reserved 51504K
}

